DEPRECATION WARNING: config.action_view.debug_rjs will be removed in 3.1, from 3.1 onwards you will need to install prototype-rails to continue to use RJS templates . (called from service at /home/matt/.rvm/rubies/ruby-1.9.2-p180/lib/ruby/1.9.1/webrick/httpserver.rb:111)


Started GET "/" for 127.0.0.1 at 2015-03-10 01:25:04 -0600
  Processing by MainController#index as HTML
Rendered main/_nav_menu.erb (0.4ms)
Rendered layouts/_footer.html.erb (0.2ms)
Rendered main/index.html.erb within layouts/index (4.3ms)
Completed 200 OK in 6ms (Views: 5.9ms | ActiveRecord: 0.0ms)


Started GET "/cantera_floor_plan" for 127.0.0.1 at 2015-03-10 01:25:10 -0600
  Processing by MainController#cantera_floor_plan as HTML
Rendered main/_cantera_nav.erb (1.0ms)
Rendered main/_nav_menu.erb (0.4ms)
Rendered layouts/_footer.html.erb (0.2ms)
Rendered main/cantera_floor_plan.html.erb within layouts/floorplans (5.5ms)
Completed 200 OK in 7ms (Views: 7.0ms | ActiveRecord: 0.0ms)


Started GET "/cantera_floor_plan" for 127.0.0.1 at 2015-03-10 01:26:14 -0600
  Processing by MainController#cantera_floor_plan as HTML
Rendered main/_cantera_nav.erb (1.3ms)
Rendered main/_nav_menu.erb (0.4ms)
Rendered layouts/_footer.html.erb (0.2ms)
Rendered main/cantera_floor_plan.html.erb within layouts/floorplans (6.2ms)
Completed 200 OK in 8ms (Views: 7.7ms | ActiveRecord: 0.0ms)


Started GET "/cantera_floor_plan" for 127.0.0.1 at 2015-03-10 01:28:39 -0600
  Processing by MainController#cantera_floor_plan as HTML
Rendered main/_cantera_nav.erb (1.0ms)
Rendered main/_nav_menu.erb (0.5ms)
Rendered layouts/_footer.html.erb (0.3ms)
Rendered main/cantera_floor_plan.html.erb within layouts/floorplans (6.2ms)
Completed 200 OK in 8ms (Views: 7.6ms | ActiveRecord: 0.0ms)


Started GET "/cantera_floor_plan" for 127.0.0.1 at 2015-03-10 01:29:32 -0600
  Processing by MainController#cantera_floor_plan as HTML
Rendered main/_cantera_nav.erb (1.1ms)
Rendered main/_nav_menu.erb (0.4ms)
Rendered layouts/_footer.html.erb (0.2ms)
Rendered main/cantera_floor_plan.html.erb within layouts/floorplans (23.5ms)
Completed 200 OK in 25ms (Views: 24.9ms | ActiveRecord: 0.0ms)
