** Daemonized, any open files are closed.  Look at /var/www/vhosts/composition9.com/rails_apps/aa_rose/log/mongrel-1.pid and log/mongrel.log for info.
** Starting Mongrel listening at 0.0.0.0:8013
** Starting Rails with development environment...
** Rails loaded.
** Loading any Rails specific GemPlugins
** Signals ready.  TERM => stop.  USR2 => restart.  INT => stop (no restart).
** Rails signals registered.  HUP => reload (without restart).  It might not work well.
** Mongrel available at 0.0.0.0:8013
** Writing PID file to /var/www/vhosts/composition9.com/rails_apps/aa_rose/log/mongrel-1.pid
** USR2 signal received.
** Restarting with arguments:  ruby /usr/local/lib/ruby/gems/1.8/gems/mongrel-1.0.1/bin/mongrel_rails start -d -p 8013 -e development -P /var/www/vhosts/composition9.com/rails_apps/aa_rose/log/mongrel-1.pid
** Daemonized, any open files are closed.  Look at /var/www/vhosts/composition9.com/rails_apps/aa_rose/log/mongrel-1.pid and log/mongrel.log for info.
** Starting Mongrel listening at 0.0.0.0:8013
** Starting Rails with development environment...
** Rails loaded.
** Loading any Rails specific GemPlugins
** Signals ready.  TERM => stop.  USR2 => restart.  INT => stop (no restart).
** Rails signals registered.  HUP => reload (without restart).  It might not work well.
** Mongrel available at 0.0.0.0:8013
** Writing PID file to /var/www/vhosts/composition9.com/rails_apps/aa_rose/log/mongrel-1.pid
** USR2 signal received.
** Restarting with arguments:  ruby /usr/local/lib/ruby/gems/1.8/gems/mongrel-1.0.1/bin/mongrel_rails start -d -p 8013 -e development -P /var/www/vhosts/composition9.com/rails_apps/aa_rose/log/mongrel-1.pid
** Daemonized, any open files are closed.  Look at /var/www/vhosts/composition9.com/rails_apps/aa_rose/log/mongrel-1.pid and log/mongrel.log for info.
** Starting Mongrel listening at 0.0.0.0:8013
** Starting Rails with development environment...
** Rails loaded.
** Loading any Rails specific GemPlugins
** Signals ready.  TERM => stop.  USR2 => restart.  INT => stop (no restart).
** Rails signals registered.  HUP => reload (without restart).  It might not work well.
** Mongrel available at 0.0.0.0:8013
** Writing PID file to /var/www/vhosts/composition9.com/rails_apps/aa_rose/log/mongrel-1.pid
** USR2 signal received.
** Restarting with arguments:  ruby /usr/local/lib/ruby/gems/1.8/gems/mongrel-1.0.1/bin/mongrel_rails start -d -p 8013 -e development -P /var/www/vhosts/composition9.com/rails_apps/aa_rose/log/mongrel-1.pid
** Daemonized, any open files are closed.  Look at /var/www/vhosts/composition9.com/rails_apps/aa_rose/log/mongrel-1.pid and log/mongrel.log for info.
** Starting Mongrel listening at 0.0.0.0:8013
** Starting Rails with development environment...
** Rails loaded.
** Loading any Rails specific GemPlugins
** Signals ready.  TERM => stop.  USR2 => restart.  INT => stop (no restart).
** Rails signals registered.  HUP => reload (without restart).  It might not work well.
** Mongrel available at 0.0.0.0:8013
** Writing PID file to /var/www/vhosts/composition9.com/rails_apps/aa_rose/log/mongrel-1.pid
** USR2 signal received.
** Restarting with arguments:  ruby /usr/local/lib/ruby/gems/1.8/gems/mongrel-1.0.1/bin/mongrel_rails start -d -p 8013 -e development -P /var/www/vhosts/composition9.com/rails_apps/aa_rose/log/mongrel-1.pid
** Daemonized, any open files are closed.  Look at /var/www/vhosts/composition9.com/rails_apps/aa_rose/log/mongrel-1.pid and log/mongrel.log for info.
** Starting Mongrel listening at 0.0.0.0:8013
** Starting Rails with development environment...
Route segment ":controller" cannot be optional because it precedes a required segment. This segment will be required.
** Rails loaded.
** Loading any Rails specific GemPlugins
** Signals ready.  TERM => stop.  USR2 => restart.  INT => stop (no restart).
** Rails signals registered.  HUP => reload (without restart).  It might not work well.
** Mongrel available at 0.0.0.0:8013
** Writing PID file to /var/www/vhosts/composition9.com/rails_apps/aa_rose/log/mongrel-1.pid
Route segment ":controller" cannot be optional because it precedes a required segment. This segment will be required.
Route segment ":controller" cannot be optional because it precedes a required segment. This segment will be required.
** USR2 signal received.
** Restarting with arguments:  ruby /usr/local/lib/ruby/gems/1.8/gems/mongrel-1.0.1/bin/mongrel_rails start -d -p 8013 -e development -P /var/www/vhosts/composition9.com/rails_apps/aa_rose/log/mongrel-1.pid
** Daemonized, any open files are closed.  Look at /var/www/vhosts/composition9.com/rails_apps/aa_rose/log/mongrel-1.pid and log/mongrel.log for info.
** Starting Mongrel listening at 0.0.0.0:8013
** Starting Rails with development environment...
** Rails loaded.
** Loading any Rails specific GemPlugins
** Signals ready.  TERM => stop.  USR2 => restart.  INT => stop (no restart).
** Rails signals registered.  HUP => reload (without restart).  It might not work well.
** Mongrel available at 0.0.0.0:8013
** Writing PID file to /var/www/vhosts/composition9.com/rails_apps/aa_rose/log/mongrel-1.pid
** USR2 signal received.
** Restarting with arguments:  ruby /usr/local/lib/ruby/gems/1.8/gems/mongrel-1.0.1/bin/mongrel_rails start -d -p 8013 -e development -P /var/www/vhosts/composition9.com/rails_apps/aa_rose/log/mongrel-1.pid
** Daemonized, any open files are closed.  Look at /var/www/vhosts/composition9.com/rails_apps/aa_rose/log/mongrel-1.pid and log/mongrel.log for info.
** Starting Mongrel listening at 0.0.0.0:8013
** Starting Rails with development environment...
** Rails loaded.
** Loading any Rails specific GemPlugins
** Signals ready.  TERM => stop.  USR2 => restart.  INT => stop (no restart).
** Rails signals registered.  HUP => reload (without restart).  It might not work well.
** Mongrel available at 0.0.0.0:8013
** Writing PID file to /var/www/vhosts/composition9.com/rails_apps/aa_rose/log/mongrel-1.pid
